<?xml version="1.0" encoding="UTF-8"?>
<!-- Generated by org.testng.reporters.JUnitXMLReporter -->
<testsuite hostname="Nasar-MacBook-Air.local" ignored="6" name="Test" tests="4" failures="0" timestamp="2024-02-04T21:04:22 IST" time="15.56" errors="0">
  <testcase name="createIncident" time="5.493" classname="com.framework.servicenow.tests.rest.TC001_CreateIncident_ConfigurationManager"/>
  <testcase name="createIncident" time="3.165" classname="com.framework.servicenow.tests.rest.TC001_CreateIncident_Test1"/>
  <testcase name="updateincident" time="3.131" classname="com.framework.servicenow.tests.rest.TC0002_UpdateIncident"/>
  <testcase name="deleteincident" time="2.924" classname="com.framework.servicenow.tests.rest.TC0003_DeleteIncident"/>
  <testcase name="@BeforeSuite startReport" time="0.0" classname="com.framework.utils.Reporter">
    <ignored/>
  </testcase> <!-- @BeforeSuite startReport -->
  <testcase name="@BeforeSuite startReport" time="0.0" classname="com.framework.utils.Reporter">
    <ignored/>
  </testcase> <!-- @BeforeSuite startReport -->
  <testcase name="@BeforeSuite startReport" time="0.0" classname="com.framework.utils.Reporter">
    <ignored/>
  </testcase> <!-- @BeforeSuite startReport -->
  <testcase name="@AfterSuite endResult" time="0.0" classname="com.framework.utils.Reporter">
    <ignored/>
  </testcase> <!-- @AfterSuite endResult -->
  <testcase name="@AfterSuite endResult" time="0.0" classname="com.framework.utils.Reporter">
    <ignored/>
  </testcase> <!-- @AfterSuite endResult -->
  <testcase name="@AfterSuite endResult" time="0.0" classname="com.framework.utils.Reporter">
    <ignored/>
  </testcase> <!-- @AfterSuite endResult -->
</testsuite> <!-- Test -->
